<?xml version="1.0" encoding="UTF-8"?>
<!-- Generated by org.testng.reporters.JUnitReportReporter -->
<testsuite skipped="0" hostname="MacBook-Pro-of-Yogesh.local" name="com.qa.api.Gorest.tests.GetUserGetTest" tests="1" failures="0" timestamp="22 Jan 2022 16:15:56 GMT" time="1.789" errors="0">
  <testcase name="getAllUserListAPI" time="1.789" classname="com.qa.api.Gorest.tests.GetUserGetTest"/>
</testsuite> <!-- com.qa.api.Gorest.tests.GetUserGetTest -->
