<?xml version="1.0" encoding="UTF-8"?>
<!-- Generated by org.testng.reporters.JUnitReportReporter -->
<testsuite skipped="0" hostname="MacBook-Pro-of-Yogesh.local" name="com.qa.api.Gorest.tests.CreateUserPostTest" tests="1" failures="0" timestamp="26 Jan 2022 17:02:18 GMT" time="1.694" errors="0">
  <testcase name="createUserAPIPostTest" time="1.694" classname="com.qa.api.Gorest.tests.CreateUserPostTest"/>
</testsuite> <!-- com.qa.api.Gorest.tests.CreateUserPostTest -->
